<?xml version="1.0" encoding="UTF-8"?>
<testsuite xmlns:xsi="http://www.w3.org/2001/XMLSchema-instance" xsi:noNamespaceSchemaLocation="https://maven.apache.org/surefire/maven-surefire-plugin/xsd/surefire-test-report-3.0.xsd" version="3.0" name="controller.ReservationControllerTest" time="0.138" tests="2" errors="0" skipped="0" failures="0">
  <properties>
[...]
</properties>
  <testcase name="testDeleteDelegatesToModel" classname="controller.ReservationControllerTest" time="0.091">
    <system-err><![CDATA[deletedIndex = 1
]]></system-err>
  </testcase>
  <testcase name="testListDelegatesToModel" classname="controller.ReservationControllerTest" time="0.013">
    <system-err><![CDATA[=== LIST 결과 ===
2025-06-01,10:00~10:50,901,user1,예약
2025-06-02,11:00~11:50,902,user2,예약
================
]]></system-err>
  </testcase>
</testsuite>