<?xml version="1.0" encoding="UTF-8"?>
<testsuite xmlns:xsi="http://www.w3.org/2001/XMLSchema-instance" xsi:noNamespaceSchemaLocation="https://maven.apache.org/surefire/maven-surefire-plugin/xsd/surefire-test-report-3.0.xsd" version="3.0" name="model.ScheduleModelTest" time="0.159" tests="3" errors="0" skipped="0" failures="0">
  <properties>
[...]
</properties>
  <testcase name="testDeleteRemovesScheduleEntry" classname="model.ScheduleModelTest" time="0.095">
    <system-err><![CDATA[=== 삭제 후 스케줄 ===
common.ScheduleEntry@7c6908d7
===================
]]></system-err>
  </testcase>
  <testcase name="testCreateAddsNewScheduleEntry" classname="model.ScheduleModelTest" time="0.01">
    <system-err><![CDATA[=== 항목 추가 후 스케줄 ===
common.ScheduleEntry@3c3d9b6b
common.ScheduleEntry@79d8407f
common.ScheduleEntry@5fbe4146
========================
]]></system-err>
  </testcase>
  <testcase name="testListAllLoadsSchedule" classname="model.ScheduleModelTest" time="0.024">
    <system-err><![CDATA[=== 전체 스케줄 목록 ===
WEDNESDAY 16:00~16:50  동계캡스톤 / 이규찬교수님
THURSDAY 13:00~14:15  데이터베이스 / 김민지교수님
=======================
]]></system-err>
  </testcase>
</testsuite>